\BOOKMARK [1][-]{section.1}{\376\377\000A\000v\000a\000n\000t\000\040\000d\000e\000\040\000c\000o\000m\000m\000e\000n\000c\000e\000r}{}% 1
\BOOKMARK [2][-]{subsection.1.1}{\376\377\000\300\000\040\000q\000u\000o\000i\000\040\000s\000e\000r\000t\000\040\000O\000p\000e\000n\000L\000a\000b\000'\000E\000a\000u}{section.1}% 2
\BOOKMARK [2][-]{subsection.1.2}{\376\377\000L\000e\000\040\000c\000o\000d\000e\000\040\000c\000o\000u\000l\000e\000u\000r\000,\000\040\000t\000o\000u\000t\000\040\000s\000i\000m\000p\000l\000e}{section.1}% 3
\BOOKMARK [2][-]{subsection.1.3}{\376\377\000L\000e\000s\000\040\000o\000n\000g\000l\000e\000t\000s}{section.1}% 4
\BOOKMARK [1][-]{section.2}{\376\377\000R\000e\000m\000p\000l\000i\000r\000\040\000m\000a\000\040\000f\000i\000c\000h\000e\000\040\000t\000e\000r\000r\000a\000i\000n}{}% 5
\BOOKMARK [2][-]{subsection.2.1}{\376\377\000O\000u\000v\000r\000i\000r\000\040\000o\000u\000\040\000r\000e\000p\000r\000e\000n\000d\000r\000e\000\040\000u\000n\000e\000\040\000f\000i\000c\000h\000e}{section.2}% 6
\BOOKMARK [2][-]{subsection.2.2}{\376\377\000L\000e\000\040\000p\000r\000\351\000l\000\350\000v\000e\000m\000e\000n\000t}{section.2}% 7
\BOOKMARK [2][-]{subsection.2.3}{\376\377\000L\000e\000\040\000c\000o\000n\000t\000e\000x\000t\000e}{section.2}% 8
\BOOKMARK [2][-]{subsection.2.4}{\376\377\000L\000e\000s\000\040\000m\000e\000s\000u\000r\000e\000s\000\040\000f\000a\000i\000t\000e\000s}{section.2}% 9
\BOOKMARK [2][-]{subsection.2.5}{\376\377\000E\000n\000r\000e\000g\000i\000s\000t\000r\000e\000r\000\040\000l\000a\000\040\000f\000i\000c\000h\000e}{section.2}% 10
\BOOKMARK [1][-]{section.3}{\376\377\000L\000a\000\040\000t\000i\000t\000r\000a\000t\000i\000o\000n\000\040\000d\000u\000\040\000c\000u\000i\000v\000r\000e\000\040\000\050\000m\000e\000s\000u\000r\000e\000\040\000R\000a\000m\000a\000n\000\051}{}% 11
\BOOKMARK [2][-]{subsection.3.1}{\376\377\000L\000'\000i\000d\000\351\000e\000,\000\040\000e\000n\000\040\000d\000e\000u\000x\000\040\000m\000o\000t\000s}{section.3}% 12
\BOOKMARK [2][-]{subsection.3.2}{\376\377\000C\000o\000c\000h\000e\000r\000\040\000l\000a\000\040\000t\000i\000t\000r\000a\000t\000i\000o\000n}{section.3}% 13
\BOOKMARK [2][-]{subsection.3.3}{\376\377\000P\000r\000\351\000p\000a\000r\000e\000r\000\040\000l\000e\000s\000\040\000t\000u\000b\000e\000s}{section.3}% 14
\BOOKMARK [2][-]{subsection.3.4}{\376\377\000\311\000t\000a\000p\000e\000\040\000:\000\040\000F\000i\000c\000h\000i\000e\000r\000s\000\040\000R\000a\000m\000a\000n}{section.3}% 15
\BOOKMARK [2][-]{subsection.3.5}{\376\377\000\311\000t\000a\000p\000e\000\040\000:\000\040\000V\000i\000s\000u\000a\000l\000i\000s\000e\000u\000r}{section.3}% 16
\BOOKMARK [2][-]{subsection.3.6}{\376\377\000\311\000t\000a\000p\000e\000\040\000:\000\040\000A\000n\000a\000l\000y\000s\000e}{section.3}% 17
\BOOKMARK [1][-]{section.4}{\376\377\000L\000e\000\040\000p\000a\000r\000c\000o\000u\000r\000s\000\040\000e\000n\000\040\000u\000n\000\040\000c\000o\000u\000p\000\040\000d\000'\001\123\000i\000l}{}% 18
\BOOKMARK [1][-]{section.5}{\376\377\000R\000e\000p\000r\000e\000n\000d\000r\000e\000\040\000u\000n\000e\000\040\000f\000i\000c\000h\000e\000\040\000c\000o\000m\000m\000e\000n\000c\000\351\000e}{}% 19
\BOOKMARK [1][-]{section.6}{\376\377\000Q\000u\000e\000s\000t\000i\000o\000n\000s\000\040\000f\000r\000\351\000q\000u\000e\000n\000t\000e\000s}{}% 20
